<?xml version="1.0" encoding="UTF-8"?>
<testsuite name="org.itmo.calculator.ComplexExpressionsTest" tests="7" skipped="0" failures="0" errors="0" timestamp="2022-12-09T15:07:04" hostname="LAPTOP-VV72DSN0" time="0.013">
  <properties/>
  <testcase name="complexExpressionWithMi()" classname="org.itmo.calculator.ComplexExpressionsTest" time="0.002"/>
  <testcase name="[1] ([1, 2, 3, 4, 5, 6],[+, +, +, +, +])" classname="org.itmo.calculator.ComplexExpressionsTest" time="0.004"/>
  <testcase name="[2] ([1, 2, 3, 4, 5, 6],[+, -, +, -, +])" classname="org.itmo.calculator.ComplexExpressionsTest" time="0.001"/>
  <testcase name="[3] ([1, 2, 0],[+, /])" classname="org.itmo.calculator.ComplexExpressionsTest" time="0.001"/>
  <testcase name="[4] ([2, 2, 1],[-, /])" classname="org.itmo.calculator.ComplexExpressionsTest" time="0.0"/>
  <testcase name="[5] ([2, 2, -1],[-, %])" classname="org.itmo.calculator.ComplexExpressionsTest" time="0.0"/>
  <testcase name="[6] ([2, 2, -1],[+, ^])" classname="org.itmo.calculator.ComplexExpressionsTest" time="0.0"/>
  <system-out><![CDATA[]]></system-out>
  <system-err><![CDATA[]]></system-err>
</testsuite>
